Warning: QPainter::begin: Paint device returned engine == 0, type: 1
Warning: QPainter::setPen: Painter not active
Warning: QPainter::setBrush: Painter not active
Warning: QPainter::setRenderHint: Painter must be active to set rendering hints
Warning: QPainter::setPen: Painter not active
Debug: "17:53:08 ..\src\sceneeditor.cpp:331 FF: Move Cue" 
Debug: "17:53:08 ..\src\sceneeditor.cpp:331 FF: Move Cue" 
Debug: "17:53:08 ..\src\sceneeditor.cpp:331 FF: Move Cue" 
Debug: "17:53:08 ..\src\sceneeditor.cpp:331 FF: Move Cue" 
Debug: "17:53:08 ..\src\sceneeditor.cpp:331 FF: Move Cue" 
Debug: "17:53:08 ..\src\sceneeditor.cpp:331 FF: Move Cue" 
Debug: "17:53:08 ..\src\sceneeditor.cpp:331 FF: Move Cue" 
Debug: "17:53:08 ..\src\sceneeditor.cpp:331 FF: Move Cue" 
Debug: "17:53:08 ..\src\sceneeditor.cpp:331 FF: Move Cue" 
Debug: "17:53:08 ..\src\sceneeditor.cpp:331 FF: Move Cue" 
Debug: "17:53:08 ..\src\sceneeditor.cpp:331 FF: Move Cue" 
Debug: "17:53:08 ..\src\sceneeditor.cpp:331 FF: Move Cue" 
Debug: "17:53:08 ..\src\sceneeditor.cpp:331 FF: Move Cue" 
Debug: "17:53:08 ..\src\sceneeditor.cpp:331 FF: Move Cue" 
Debug: "17:53:08 ..\src\sceneeditor.cpp:331 FF: Move Cue" 
Debug: "17:53:09 ..\src\sceneeditor.cpp:331 FF: Move Cue" 
Debug: "17:53:09 ..\src\sceneeditor.cpp:331 FF: Move Cue" 
Debug: "17:53:09 ..\src\sceneeditor.cpp:331 FF: Move Cue" 
Debug: "17:53:09 ..\src\sceneeditor.cpp:331 FF: Move Cue" 
Debug: "17:53:09 ..\src\sceneeditor.cpp:331 FF: Move Cue" 
Debug: "17:53:09 ..\src\sceneeditor.cpp:331 FF: Move Cue" 
Debug: "17:53:09 ..\src\sceneeditor.cpp:331 FF: Move Cue" 
Debug: "17:53:09 ..\src\sceneeditor.cpp:331 FF: Move Cue" 
Debug: "17:53:09 ..\src\sceneeditor.cpp:331 FF: Move Cue" 
Debug: "17:53:09 ..\src\sceneeditor.cpp:331 FF: Move Cue" 
Debug: "17:53:09 ..\src\sceneeditor.cpp:331 FF: Move Cue" 
Debug: "17:53:09 ..\src\sceneeditor.cpp:331 FF: Move Cue" 
Debug: "17:53:09 ..\src\sceneeditor.cpp:331 FF: Move Cue" 
Debug: "17:53:09 ..\src\sceneeditor.cpp:331 FF: Move Cue" 
